<?xml version="1.0" encoding="UTF-8"?>
<!-- Generated by org.testng.reporters.JUnitReportReporter -->
<testsuite hostname="DESKTOP-2GLBG32" failures="0" tests="13" name="module1.Array" time="18.857" errors="0" timestamp="2023-09-26T23:01:33 GMT-04:00" skipped="0">
  <testcase classname="module1.Array" name="TryHereApplicationOfArray" time="1.036"/>
  <testcase classname="module1.Array" name="ArraysUsingListClick" time="1.218"/>
  <testcase classname="module1.Array" name="ArrayPage" time="1.802"/>
  <testcase classname="module1.Array" name="TryHereLinkArrayInPython" time="1.158"/>
  <testcase classname="module1.Array" name="TryHereArraysUsingList" time="3.329"/>
  <testcase classname="module1.Array" name="clickdrpdownArray" time="1.136"/>
  <testcase classname="module1.Array" name="TryHereBasicOperationList" time="1.313"/>
  <testcase classname="module1.Array" name="BasicOperationListClick" time="0.984"/>
  <testcase classname="module1.Array" name="ApplicationOfArrayClick" time="1.209"/>
  <testcase classname="module1.Array" name="SearchTheArray" time="1.513"/>
  <testcase classname="module1.Array" name="MaxConsecutiveOnes" time="1.173"/>
  <testcase classname="module1.Array" name="FindNumberWithEvenNumber" time="1.518"/>
  <testcase classname="module1.Array" name="SquaresOfSortedArray" time="1.468"/>
</testsuite> <!-- module1.Array -->
