<?xml version="1.0" encoding="UTF-8"?>
<!-- Generated by org.testng.reporters.JUnitReportReporter -->
<testsuite hostname="DhruvJai" failures="0" tests="13" name="module1.Array" time="16.754" errors="0" timestamp="2023-09-28T20:57:09 CDT" skipped="0">
  <testcase classname="module1.Array" name="TryHereApplicationOfArray" time="1.113"/>
  <testcase classname="module1.Array" name="TryHereBasicOperationList" time="1.319"/>
  <testcase classname="module1.Array" name="ArraysUsingListClick" time="1.191"/>
  <testcase classname="module1.Array" name="TryHereArraysUsingList" time="1.614"/>
  <testcase classname="module1.Array" name="ArrayPage" time="1.596"/>
  <testcase classname="module1.Array" name="clickdrpdownArray" time="1.317"/>
  <testcase classname="module1.Array" name="TryHereLinkArrayInPython" time="1.232"/>
  <testcase classname="module1.Array" name="BasicOperationListClick" time="1.086"/>
  <testcase classname="module1.Array" name="ApplicationOfArrayClick" time="1.195"/>
  <testcase classname="module1.Array" name="SearchTheArray" time="1.394"/>
  <testcase classname="module1.Array" name="MaxConsecutiveOnes" time="1.133"/>
  <testcase classname="module1.Array" name="FindNumberWithEvenNumber" time="1.271"/>
  <testcase classname="module1.Array" name="SquaresOfSortedArray" time="1.293"/>
</testsuite> <!-- module1.Array -->
