<?xml version="1.0" encoding="UTF-8"?>
<!-- Generated by org.testng.reporters.JUnitReportReporter -->
<testsuite hostname="DESKTOP-08EDGK2" failures="0" tests="4" name="module1.Registration" time="2.053" errors="0" timestamp="2023-09-17T22:30:57 EDT" skipped="0">
  <testcase classname="module1.Registration" name="openwebsite" time="0.645"/>
  <testcase classname="module1.Registration" name="GetStarted" time="0.445"/>
  <testcase classname="module1.Registration" name="Register" time="0.348"/>
  <testcase classname="module1.Registration" name="Login" time="0.615"/>
</testsuite> <!-- module1.Registration -->
