<?xml version="1.0" encoding="UTF-8"?>
<!-- Generated by org.testng.reporters.JUnitReportReporter -->
<testsuite hostname="DESKTOP-08EDGK2" failures="0" tests="3" name="module1.Login" time="12.771" errors="0" timestamp="2023-09-28T22:34:32 EDT" skipped="0">
  <testcase classname="module1.Login" name="openwebsite" time="1.351"/>
  <testcase classname="module1.Login" name="login" time="11.044"/>
  <testcase classname="module1.Login" name="logut" time="0.376"/>
</testsuite> <!-- module1.Login -->
