<?xml version="1.0" encoding="UTF-8"?>
<!-- Generated by org.testng.reporters.JUnitReportReporter -->
<testsuite hostname="DESKTOP-2GLBG32" failures="0" tests="3" name="module1.Login" time="20.309" errors="0" timestamp="2023-09-28T17:14:52 GMT-04:00" skipped="0">
  <testcase classname="module1.Login" name="openwebsite" time="2.558"/>
  <testcase classname="module1.Login" name="login" time="17.359"/>
  <testcase classname="module1.Login" name="logut" time="0.392"/>
</testsuite> <!-- module1.Login -->
