<?xml version="1.0" encoding="UTF-8"?>
<!-- Generated by org.testng.reporters.JUnitReportReporter -->
<testsuite hostname="DESKTOP-08EDGK2" failures="0" tests="3" name="module1.Login" time="11.286" errors="0" timestamp="2023-09-27T15:34:43 EDT" skipped="0">
  <testcase classname="module1.Login" name="openwebsite" time="0.647"/>
  <testcase classname="module1.Login" name="login" time="10.434"/>
  <testcase classname="module1.Login" name="logut" time="0.205"/>
</testsuite> <!-- module1.Login -->
