<?xml version="1.0" encoding="UTF-8"?>
<!-- Generated by org.testng.reporters.JUnitReportReporter -->
<testsuite hostname="DESKTOP-08EDGK2" failures="0" tests="2" name="module1.LinkedList" time="1.461" errors="0" timestamp="2023-09-28T22:34:46 EDT" skipped="0">
  <testcase classname="module1.LinkedList" name="DeletionLink" time="0.483"/>
  <testcase classname="module1.LinkedList" name="TryHereLinkOfDeletion" time="0.978"/>
</testsuite> <!-- module1.LinkedList -->
