<?xml version="1.0" encoding="UTF-8"?>
<!-- Generated by org.testng.reporters.JUnitReportReporter -->
<testsuite hostname="DESKTOP-08EDGK2" failures="0" tests="13" name="module1.Array" time="10.683" errors="0" timestamp="2023-09-24T00:32:08 EDT" skipped="0">
  <testcase classname="module1.Array" name="ArrayPage" time="0.955"/>
  <testcase classname="module1.Array" name="ArraysUsingListClick" time="0.718"/>
  <testcase classname="module1.Array" name="TryHereApplicationOfArray" time="0.722"/>
  <testcase classname="module1.Array" name="TryHereBasicOperationList" time="0.825"/>
  <testcase classname="module1.Array" name="TryHereLinkArrayInPython" time="1.050"/>
  <testcase classname="module1.Array" name="clickdrpdownArray" time="0.712"/>
  <testcase classname="module1.Array" name="TryHereArraysUsingList" time="1.291"/>
  <testcase classname="module1.Array" name="BasicOperationListClick" time="0.705"/>
  <testcase classname="module1.Array" name="ApplicationOfArrayClick" time="0.688"/>
  <testcase classname="module1.Array" name="SearchTheArray" time="0.940"/>
  <testcase classname="module1.Array" name="MaxConsecutiveOnes" time="0.687"/>
  <testcase classname="module1.Array" name="FindNumberWithEvenNumber" time="0.690"/>
  <testcase classname="module1.Array" name="SquaresOfSortedArray" time="0.700"/>
</testsuite> <!-- module1.Array -->
