<?xml version="1.0" encoding="UTF-8"?>
<!-- Generated by org.testng.reporters.JUnitReportReporter -->
<testsuite hostname="DESKTOP-08EDGK2" failures="0" tests="13" name="module1.Array" time="12.029" errors="0" timestamp="2023-09-28T13:49:58 EDT" skipped="0">
  <testcase classname="module1.Array" name="clickdrpdownArray" time="0.844"/>
  <testcase classname="module1.Array" name="ArrayPage" time="0.886"/>
  <testcase classname="module1.Array" name="TryHereBasicOperationList" time="0.832"/>
  <testcase classname="module1.Array" name="ArraysUsingListClick" time="1.082"/>
  <testcase classname="module1.Array" name="TryHereArraysUsingList" time="1.523"/>
  <testcase classname="module1.Array" name="TryHereLinkArrayInPython" time="0.890"/>
  <testcase classname="module1.Array" name="TryHereApplicationOfArray" time="0.929"/>
  <testcase classname="module1.Array" name="BasicOperationListClick" time="0.753"/>
  <testcase classname="module1.Array" name="ApplicationOfArrayClick" time="0.886"/>
  <testcase classname="module1.Array" name="SearchTheArray" time="0.981"/>
  <testcase classname="module1.Array" name="MaxConsecutiveOnes" time="0.834"/>
  <testcase classname="module1.Array" name="FindNumberWithEvenNumber" time="0.783"/>
  <testcase classname="module1.Array" name="SquaresOfSortedArray" time="0.806"/>
</testsuite> <!-- module1.Array -->
